app/build/intermediates/manifest_merge_blame_file/debug/processDebugMainManifest/manifest-merger-blame-debug-report.txt
1<?xml version="1.0" encoding="utf-8"?>
2<manifest xmlns:android="http://schemas.android.com/apk/res/android"
3    package="com.example.highfps"
4    android:versionCode="1"
5    android:versionName="1.0" >
6
7    <uses-sdk
7-->INJECTED
8        android:minSdkVersion="21"
8-->INJECTED
9        android:targetSdkVersion="35" />
9-->INJECTED
10
11    <uses-permission android:name="android.permission.CAMERA" />
11-->src/main/AndroidManifest.xml:5:5-65
11-->src/main/AndroidManifest.xml:5:22-62
12    <uses-permission android:name="android.permission.RECORD_AUDIO" />
12-->src/main/AndroidManifest.xml:6:5-71
12-->src/main/AndroidManifest.xml:6:22-68
13    <uses-permission
13-->src/main/AndroidManifest.xml:8:5-10:38
14        android:name="android.permission.WRITE_EXTERNAL_STORAGE"
14-->src/main/AndroidManifest.xml:9:9-65
15        android:maxSdkVersion="28" />
15-->src/main/AndroidManifest.xml:10:9-35
16    <uses-permission
16-->src/main/AndroidManifest.xml:11:5-13:38
17        android:name="android.permission.READ_EXTERNAL_STORAGE"
17-->src/main/AndroidManifest.xml:12:9-64
18        android:maxSdkVersion="28" />
18-->src/main/AndroidManifest.xml:13:9-35
19    <uses-permission
19-->src/main/AndroidManifest.xml:15:5-95
20        android:name="android.permission.BLUETOOTH"
20-->src/main/AndroidManifest.xml:15:22-65
21        android:maxSdkVersion="30" />
21-->src/main/AndroidManifest.xml:15:66-92
22    <uses-permission
22-->src/main/AndroidManifest.xml:16:5-101
23        android:name="android.permission.BLUETOOTH_ADMIN"
23-->src/main/AndroidManifest.xml:16:22-71
24        android:maxSdkVersion="30" />
24-->src/main/AndroidManifest.xml:16:72-98
25    <uses-permission
25-->src/main/AndroidManifest.xml:17:5-106
26        android:name="android.permission.ACCESS_FINE_LOCATION"
26-->src/main/AndroidManifest.xml:17:22-76
27        android:maxSdkVersion="30" />
27-->src/main/AndroidManifest.xml:17:77-103
28    <uses-permission
28-->src/main/AndroidManifest.xml:15:5-95
29        android:name="android.permission.BLUETOOTH"
29-->src/main/AndroidManifest.xml:15:22-65
30        android:maxSdkVersion="30" />
30-->src/main/AndroidManifest.xml:15:66-92
31    <uses-permission
31-->src/main/AndroidManifest.xml:16:5-101
32        android:name="android.permission.BLUETOOTH_ADMIN"
32-->src/main/AndroidManifest.xml:16:22-71
33        android:maxSdkVersion="30" />
33-->src/main/AndroidManifest.xml:16:72-98
34    <uses-permission
34-->src/main/AndroidManifest.xml:20:5-21:32
35        android:name="android.permission.BLUETOOTH_SCAN"
35-->src/main/AndroidManifest.xml:20:22-70
36        android:usesPermissionFlags="neverForLocation" />
36-->src/main/AndroidManifest.xml:20:71-117
37    <uses-permission android:name="android.permission.BLUETOOTH_CONNECT" />
37-->src/main/AndroidManifest.xml:22:5-76
37-->src/main/AndroidManifest.xml:22:22-73
38    <uses-permission
38-->src/main/AndroidManifest.xml:20:5-21:32
39        android:name="android.permission.BLUETOOTH_SCAN"
39-->src/main/AndroidManifest.xml:20:22-70
40        android:usesPermissionFlags="neverForLocation" />
40-->src/main/AndroidManifest.xml:20:71-117
41    <uses-permission android:name="android.permission.BLUETOOTH_CONNECT" />
41-->src/main/AndroidManifest.xml:22:5-76
41-->src/main/AndroidManifest.xml:22:22-73
42
43    <uses-feature
43-->src/main/AndroidManifest.xml:27:5-29:35
44        android:name="android.hardware.camera.any"
44-->src/main/AndroidManifest.xml:28:9-51
45        android:required="true" />
45-->src/main/AndroidManifest.xml:29:9-32
46    <uses-feature
46-->src/main/AndroidManifest.xml:30:5-32:35
47        android:name="android.hardware.bluetooth_le"
47-->src/main/AndroidManifest.xml:31:9-53
48        android:required="true" />
48-->src/main/AndroidManifest.xml:32:9-32
49
50    <permission
50-->[androidx.core:core:1.9.0] AndroidManifest.xml:22:5-24:47
51        android:name="com.example.highfps.DYNAMIC_RECEIVER_NOT_EXPORTED_PERMISSION"
51-->[androidx.core:core:1.9.0] AndroidManifest.xml:23:9-81
52        android:protectionLevel="signature" />
52-->[androidx.core:core:1.9.0] AndroidManifest.xml:24:9-44
53
54    <uses-permission android:name="com.example.highfps.DYNAMIC_RECEIVER_NOT_EXPORTED_PERMISSION" />
54-->[androidx.core:core:1.9.0] AndroidManifest.xml:26:5-97
54-->[androidx.core:core:1.9.0] AndroidManifest.xml:26:22-94
55
56    <application
56-->src/main/AndroidManifest.xml:34:5-58:19
57        android:allowBackup="true"
57-->src/main/AndroidManifest.xml:35:9-35
58        android:appComponentFactory="androidx.core.app.CoreComponentFactory"
58-->[androidx.core:core:1.9.0] AndroidManifest.xml:28:18-86
59        android:dataExtractionRules="@xml/data_extraction_rules"
59-->src/main/AndroidManifest.xml:36:9-65
60        android:debuggable="true"
61        android:extractNativeLibs="true"
61-->INJECTED
62        android:fullBackupContent="@xml/backup_rules"
62-->src/main/AndroidManifest.xml:37:9-54
63        android:icon="@mipmap/ic_launcher"
63-->src/main/AndroidManifest.xml:38:9-43
64        android:label="@string/app_name"
64-->src/main/AndroidManifest.xml:40:9-41
65        android:largeHeap="true"
65-->src/main/AndroidManifest.xml:43:9-33
66        android:roundIcon="@mipmap/ic_launcher_round"
66-->src/main/AndroidManifest.xml:39:9-54
67        android:supportsRtl="true"
67-->src/main/AndroidManifest.xml:41:9-35
68        android:testOnly="true"
69        android:theme="@style/Theme.HighFPSRecorder" >
69-->src/main/AndroidManifest.xml:42:9-53
70        <activity
70-->src/main/AndroidManifest.xml:45:9-52:20
71            android:name="com.example.highfps.MainActivity"
71-->src/main/AndroidManifest.xml:46:13-41
72            android:exported="true" >
72-->src/main/AndroidManifest.xml:47:13-36
73            <intent-filter>
73-->src/main/AndroidManifest.xml:48:13-51:29
74                <action android:name="android.intent.action.MAIN" />
74-->src/main/AndroidManifest.xml:49:17-69
74-->src/main/AndroidManifest.xml:49:25-66
75
76                <category android:name="android.intent.category.LAUNCHER" />
76-->src/main/AndroidManifest.xml:50:17-77
76-->src/main/AndroidManifest.xml:50:27-74
77            </intent-filter>
78        </activity>
79        <activity
79-->src/main/AndroidManifest.xml:53:9-76
80            android:name="com.example.highfps.MediaActivity"
80-->src/main/AndroidManifest.xml:53:19-48
81            android:exported="false" />
81-->src/main/AndroidManifest.xml:53:49-73
82        <activity
82-->src/main/AndroidManifest.xml:54:9-79
83            android:name="com.example.highfps.AnalysisActivity"
83-->src/main/AndroidManifest.xml:54:19-51
84            android:exported="false" />
84-->src/main/AndroidManifest.xml:54:52-76
85        <activity
85-->src/main/AndroidManifest.xml:55:9-78
86            android:name="com.example.highfps.ResultsActivity"
86-->src/main/AndroidManifest.xml:55:19-50
87            android:exported="false" />
87-->src/main/AndroidManifest.xml:55:51-75
88        <activity
88-->src/main/AndroidManifest.xml:56:9-82
89            android:name="com.example.highfps.SensorEntryActivity"
89-->src/main/AndroidManifest.xml:56:19-54
90            android:exported="false" />
90-->src/main/AndroidManifest.xml:56:55-79
91
92        <provider
92-->[androidx.emoji2:emoji2:1.2.0] AndroidManifest.xml:24:9-32:20
93            android:name="androidx.startup.InitializationProvider"
93-->[androidx.emoji2:emoji2:1.2.0] AndroidManifest.xml:25:13-67
94            android:authorities="com.example.highfps.androidx-startup"
94-->[androidx.emoji2:emoji2:1.2.0] AndroidManifest.xml:26:13-68
95            android:exported="false" >
95-->[androidx.emoji2:emoji2:1.2.0] AndroidManifest.xml:27:13-37
96            <meta-data
96-->[androidx.emoji2:emoji2:1.2.0] AndroidManifest.xml:29:13-31:52
97                android:name="androidx.emoji2.text.EmojiCompatInitializer"
97-->[androidx.emoji2:emoji2:1.2.0] AndroidManifest.xml:30:17-75
98                android:value="androidx.startup" />
98-->[androidx.emoji2:emoji2:1.2.0] AndroidManifest.xml:31:17-49
99            <meta-data
99-->[androidx.lifecycle:lifecycle-process:2.6.1] AndroidManifest.xml:29:13-31:52
100                android:name="androidx.lifecycle.ProcessLifecycleInitializer"
100-->[androidx.lifecycle:lifecycle-process:2.6.1] AndroidManifest.xml:30:17-78
101                android:value="androidx.startup" />
101-->[androidx.lifecycle:lifecycle-process:2.6.1] AndroidManifest.xml:31:17-49
102            <meta-data
102-->[androidx.profileinstaller:profileinstaller:1.3.0] AndroidManifest.xml:29:13-31:52
103                android:name="androidx.profileinstaller.ProfileInstallerInitializer"
103-->[androidx.profileinstaller:profileinstaller:1.3.0] AndroidManifest.xml:30:17-85
104                android:value="androidx.startup" />
104-->[androidx.profileinstaller:profileinstaller:1.3.0] AndroidManifest.xml:31:17-49
105        </provider>
106
107        <receiver
107-->[androidx.profileinstaller:profileinstaller:1.3.0] AndroidManifest.xml:34:9-52:20
108            android:name="androidx.profileinstaller.ProfileInstallReceiver"
108-->[androidx.profileinstaller:profileinstaller:1.3.0] AndroidManifest.xml:35:13-76
109            android:directBootAware="false"
109-->[androidx.profileinstaller:profileinstaller:1.3.0] AndroidManifest.xml:36:13-44
110            android:enabled="true"
110-->[androidx.profileinstaller:profileinstaller:1.3.0] AndroidManifest.xml:37:13-35
111            android:exported="true"
111-->[androidx.profileinstaller:profileinstaller:1.3.0] AndroidManifest.xml:38:13-36
112            android:permission="android.permission.DUMP" >
112-->[androidx.profileinstaller:profileinstaller:1.3.0] AndroidManifest.xml:39:13-57
113            <intent-filter>
113-->[androidx.profileinstaller:profileinstaller:1.3.0] AndroidManifest.xml:40:13-42:29
114                <action android:name="androidx.profileinstaller.action.INSTALL_PROFILE" />
114-->[androidx.profileinstaller:profileinstaller:1.3.0] AndroidManifest.xml:41:17-91
114-->[androidx.profileinstaller:profileinstaller:1.3.0] AndroidManifest.xml:41:25-88
115            </intent-filter>
116            <intent-filter>
116-->[androidx.profileinstaller:profileinstaller:1.3.0] AndroidManifest.xml:43:13-45:29
117                <action android:name="androidx.profileinstaller.action.SKIP_FILE" />
117-->[androidx.profileinstaller:profileinstaller:1.3.0] AndroidManifest.xml:44:17-85
117-->[androidx.profileinstaller:profileinstaller:1.3.0] AndroidManifest.xml:44:25-82
118            </intent-filter>
119            <intent-filter>
119-->[androidx.profileinstaller:profileinstaller:1.3.0] AndroidManifest.xml:46:13-48:29
120                <action android:name="androidx.profileinstaller.action.SAVE_PROFILE" />
120-->[androidx.profileinstaller:profileinstaller:1.3.0] AndroidManifest.xml:47:17-88
120-->[androidx.profileinstaller:profileinstaller:1.3.0] AndroidManifest.xml:47:25-85
121            </intent-filter>
122            <intent-filter>
122-->[androidx.profileinstaller:profileinstaller:1.3.0] AndroidManifest.xml:49:13-51:29
123                <action android:name="androidx.profileinstaller.action.BENCHMARK_OPERATION" />
123-->[androidx.profileinstaller:profileinstaller:1.3.0] AndroidManifest.xml:50:17-95
123-->[androidx.profileinstaller:profileinstaller:1.3.0] AndroidManifest.xml:50:25-92
124            </intent-filter>
125        </receiver>
126    </application>
127
128</manifest>